<?xml version="1.0" encoding="utf-8"?><testsuite errors="0" failures="0" name="pytest" skipped="0" tests="4" time="3.835"><testcase classname="test_submit" file="test_submit.py" line="3" name="test_q1" time="0.143"></testcase><testcase classname="test_submit" file="test_submit.py" line="8" name="test_q2" time="0.113"></testcase><testcase classname="test_submit" file="test_submit.py" line="13" name="test_q3" time="0.180"></testcase><testcase classname="test_submit" file="test_submit.py" line="18" name="test_q4" time="0.542"></testcase></testsuite>